2016-06-13 14:32:22 [11@lanpiahd.pia.com.br]
Um e-mail para thiago.santos@pia.com.br foi adicionado à fila: [GLPI #0000015] Novo chamado Email Chamado
2016-06-13 14:32:22 [11@lanpiahd.pia.com.br]
Um e-mail para gabriel.kunst@pia.com.br foi adicionado à fila: [GLPI #0000015] Novo chamado Email Chamado
2016-06-13 14:32:26 [11@lanpiahd.pia.com.br]
Um e-mail foi enviado para thiago.santos@pia.com.br: [GLPI #0000015] Novo chamado Email Chamado
2016-06-13 14:32:26 [11@lanpiahd.pia.com.br]
Um e-mail foi enviado para gabriel.kunst@pia.com.br: [GLPI #0000015] Novo chamado Email Chamado
2016-06-13 14:35:35 [11@lanpiahd.pia.com.br]
Um e-mail para thiago.santos@pia.com.br foi adicionado à fila: [GLPI #0000015] Atualização de um chamado Email Chamado
2016-06-13 14:35:35 [11@lanpiahd.pia.com.br]
Um e-mail para anderson.dalmedico@pia.com.br foi adicionado à fila: [GLPI #0000015] Atualização de um chamado Email Chamado
2016-06-13 14:35:35 [11@lanpiahd.pia.com.br]
Um e-mail para gabriel.kunst@pia.com.br foi adicionado à fila: [GLPI #0000015] Atualização de um chamado Email Chamado
2016-06-13 14:36:08 [11@lanpiahd.pia.com.br]
Um e-mail para thiago.santos@pia.com.br foi adicionado à fila: [GLPI #0000015] Atualização de um chamado Email Chamado
2016-06-13 14:36:08 [11@lanpiahd.pia.com.br]
Um e-mail para anderson.dalmedico@pia.com.br foi adicionado à fila: [GLPI #0000015] Atualização de um chamado Email Chamado
2016-06-13 14:36:08 [11@lanpiahd.pia.com.br]
Um e-mail para gabriel.kunst@pia.com.br foi adicionado à fila: [GLPI #0000015] Atualização de um chamado Email Chamado
2016-06-13 14:38:51 [11@lanpiahd.pia.com.br]
Um e-mail para gabriel.kunst@pia.com.br foi adicionado à fila: [GLPI #0000015] Nova tarefa Email Chamado
2016-06-13 14:40:04 [11@lanpiahd.pia.com.br]
Um e-mail para thiago.santos@pia.com.br foi adicionado à fila: [GLPI #0000015] Atualização de uma tarefa Email Chamado
2016-06-13 14:40:04 [11@lanpiahd.pia.com.br]
Um e-mail para gabriel.kunst@pia.com.br foi adicionado à fila: [GLPI #0000015] Atualização de uma tarefa Email Chamado
2016-06-13 14:40:50 [11@lanpiahd.pia.com.br]
Um e-mail para thiago.santos@pia.com.br foi adicionado à fila: [GLPI #0000015] Nova tarefa Email Chamado
2016-06-13 14:40:50 [11@lanpiahd.pia.com.br]
Um e-mail para gabriel.kunst@pia.com.br foi adicionado à fila: [GLPI #0000015] Nova tarefa Email Chamado
2016-06-13 14:41:10 [11@lanpiahd.pia.com.br]
Um e-mail para thiago.santos@pia.com.br foi adicionado à fila: [GLPI #0000015] Atualização de uma tarefa Email Chamado
2016-06-13 14:41:11 [11@lanpiahd.pia.com.br]
Um e-mail para gabriel.kunst@pia.com.br foi adicionado à fila: [GLPI #0000015] Atualização de uma tarefa Email Chamado
2016-06-13 16:27:49 [12@lanpiahd.pia.com.br]
Um e-mail foi enviado para anderson.dalmedico@pia.com.br: [GLPI #0000015] Atualização de um chamado Email Chamado
2016-06-13 16:27:50 [12@lanpiahd.pia.com.br]
Um e-mail foi enviado para thiago.santos@pia.com.br: [GLPI #0000015] Atualização de uma tarefa Email Chamado
2016-06-13 16:27:50 [12@lanpiahd.pia.com.br]
Um e-mail foi enviado para gabriel.kunst@pia.com.br: [GLPI #0000015] Atualização de uma tarefa Email Chamado
2016-06-13 16:30:28 [12@lanpiahd.pia.com.br]
Um e-mail para thiago.santos@pia.com.br foi adicionado à fila: [GLPI #0000015] Nova tarefa Email Chamado
2016-06-13 16:30:28 [12@lanpiahd.pia.com.br]
Um e-mail para gabriel.kunst@pia.com.br foi adicionado à fila: [GLPI #0000015] Nova tarefa Email Chamado
2016-06-13 16:30:44 [12@lanpiahd.pia.com.br]
Um e-mail para thiago.santos@pia.com.br foi adicionado à fila: [GLPI #0000015] Exclusão de uma tarefa Email Chamado
2016-06-13 16:30:44 [12@lanpiahd.pia.com.br]
Um e-mail para gabriel.kunst@pia.com.br foi adicionado à fila: [GLPI #0000015] Exclusão de uma tarefa Email Chamado
2016-06-13 16:30:58 [12@lanpiahd.pia.com.br]
Um e-mail para gabriel.kunst@pia.com.br foi adicionado à fila: [GLPI #0000015] Nova tarefa Email Chamado
2016-06-13 16:31:08 [12@lanpiahd.pia.com.br]
Um e-mail para gabriel.kunst@pia.com.br foi adicionado à fila: [GLPI #0000015] Exclusão de uma tarefa Email Chamado
2016-06-13 17:17:28 [@lanpiahd.pia.com.br]
Um e-mail foi enviado para thiago.santos@pia.com.br: [GLPI #0000015] Exclusão de uma tarefa Email Chamado
2016-06-13 17:17:28 [@lanpiahd.pia.com.br]
Um e-mail foi enviado para gabriel.kunst@pia.com.br: [GLPI #0000015] Exclusão de uma tarefa Email Chamado
2016-06-13 17:17:38 [12@lanpiahd.pia.com.br]
Um e-mail para thiago.santos@pia.com.br foi adicionado à fila: [GLPI #0000015] Chamado solucionado Email Chamado
2016-06-13 17:17:39 [12@lanpiahd.pia.com.br]
Um e-mail para gabriel.kunst@pia.com.br foi adicionado à fila: [GLPI #0000015] Chamado solucionado Email Chamado
2016-06-13 17:22:34 [@lanpiahd.pia.com.br]
Um e-mail foi enviado para thiago.santos@pia.com.br: [GLPI #0000015] Chamado solucionado Email Chamado
2016-06-13 17:22:34 [@lanpiahd.pia.com.br]
Um e-mail foi enviado para gabriel.kunst@pia.com.br: [GLPI #0000015] Chamado solucionado Email Chamado
2016-06-13 18:09:52 [2@lanpiahd.pia.com.br]
Um e-mail para thiago.santos@pia.com.br foi adicionado à fila: [GLPI #0000016] Novo chamado ag
2016-06-13 18:19:51 [2@lanpiahd.pia.com.br]
Um e-mail para thiago.santos@pia.com.br foi adicionado à fila: [GLPI #0000017] Novo chamado asdf
2016-06-13 18:23:02 [2@lanpiahd.pia.com.br]
Um e-mail para thiago.santos@pia.com.br foi adicionado à fila: [GLPI #0000018] Novo chamado Teste
2016-06-13 18:23:02 [2@lanpiahd.pia.com.br]
Um e-mail para gabriel.kunst@pia.com.br foi adicionado à fila: [GLPI #0000018] Novo chamado Teste
2016-06-13 19:31:45 [2@lanpiahd.pia.com.br]
Um e-mail para thiago.santos@pia.com.br foi adicionado à fila: [GLPI #0000019] Novo chamado Teste
2016-06-13 19:31:45 [2@lanpiahd.pia.com.br]
Um e-mail para anderson.dalmedico@pia.com.br foi adicionado à fila: [GLPI #0000019] Novo chamado Teste
2016-06-13 19:33:14 [2@lanpiahd.pia.com.br]
Um e-mail para anderson.dalmedico@pia.com.br foi adicionado à fila: [GLPI #0000019] Nova tarefa Teste
2016-06-13 19:33:52 [2@lanpiahd.pia.com.br]
Um e-mail para thiago.santos@pia.com.br foi adicionado à fila: [GLPI #0000019] Chamado solucionado Teste
2016-06-13 19:33:52 [2@lanpiahd.pia.com.br]
Um e-mail para anderson.dalmedico@pia.com.br foi adicionado à fila: [GLPI #0000019] Chamado solucionado Teste
